-------------------------------------------------------------------
 Shell de asistente de reinicio de los servidores de APM
-------------------------------------------------------------------
	Inicio del reinicio  20200717   20:55
-------------------------------------------------------------------
 Manejo de Inventario HND -  Flaca
-------------------------------------------------------------------
	Fecha proceso:  20200717   20:56
-------------------------------------------------------------------
 Manejo de Inventario HND -  Flaca
-------------------------------------------------------------------
	Fecha inicio proceso:  20200717   21:05
-------------------------------------------------------------------
 Manejo de Inventario HND -  Flaca
-------------------------------------------------------------------
	Fecha inicio proceso:  20200717   21:06
-------------------------------------------------------------------
 Shell finalizada con exito. Hasta Pronto!
 Fecha fin proceso  20200717   21:06
-------------------------------------------------------------------
-------------------------------------------------------------------
 Manejo de Inventario HND -  Flaca
-------------------------------------------------------------------
	Fecha inicio proceso:  20200717   21:08
-------------------------------------------------------------------
 Shell finalizada con exito. Hasta Pronto!
 Fecha fin proceso  20200717   21:09
-------------------------------------------------------------------
-------------------------------------------------------------------
 Manejo de Inventario HND -  Flaca
-------------------------------------------------------------------
	Fecha inicio proceso:  20200717   21:15
 
-------------------------------------------------------------------
 Shell finalizada con exito. Hasta Pronto!
 Fecha fin proceso  20200717   21:15
-------------------------------------------------------------------
 
-------------------------------------------------------------------
 Manejo de Inventario HND -  Flaca
-------------------------------------------------------------------
	Fecha inicio proceso:  20200717   21:41
 
-------------------------------------------------------------------
 Shell finalizada con exito. Hasta Pronto!
 Fecha fin proceso  20200717   21:41
-------------------------------------------------------------------
 
-------------------------------------------------------------------
 Manejo de Inventario HND -  Flaca
-------------------------------------------------------------------
	Fecha inicio proceso:  20200717   21:42
 
-------------------------------------------------------------------
 Shell finalizada con exito. Hasta Pronto!
 Fecha fin proceso  20200717   21:51
-------------------------------------------------------------------
 
-------------------------------------------------------------------
 Manejo de Inventario HND -  Flaca
-------------------------------------------------------------------
	Fecha inicio proceso:  20200717   21:51
 
-------------------------------------------------------------------
 Shell finalizada con exito. Hasta Pronto!
 Fecha fin proceso  20200717   21:53
-------------------------------------------------------------------
 
-------------------------------------------------------------------
 Manejo de Inventario HND -  Flaca
-------------------------------------------------------------------
	Fecha inicio proceso:  20200717   22:05
 
-------------------------------------------------------------------
 Shell finalizada con exito. Hasta Pronto!
 Fecha fin proceso  20200717   22:06
-------------------------------------------------------------------
 
-------------------------------------------------------------------
 Manejo de Inventario HND -  Flaca
-------------------------------------------------------------------
	Fecha inicio proceso:  20200717   22:48
 
-------------------------------------------------------------------
 Shell finalizada con exito. Hasta Pronto!
 Fecha fin proceso  20200717   22:53
-------------------------------------------------------------------
 
-------------------------------------------------------------------
 Manejo de Inventario HND -  Flaca
-------------------------------------------------------------------
	Fecha inicio proceso:  20200717   22:53
 
-------------------------------------------------------------------
 Shell finalizada con exito. Hasta Pronto!
 Fecha fin proceso  20200717   22:53
-------------------------------------------------------------------
 
-------------------------------------------------------------------
 Manejo de Inventario HND -  Flaca
-------------------------------------------------------------------
	Fecha inicio proceso:  20200717   23:02
 
-------------------------------------------------------------------
 Shell finalizada con exito. Hasta Pronto!
 Fecha fin proceso  20200717   23:06
-------------------------------------------------------------------
 
-------------------------------------------------------------------
 Manejo de Inventario HND -  Flaca
-------------------------------------------------------------------
	Fecha inicio proceso:  20200717   23:06
 
-------------------------------------------------------------------
 Shell finalizada con exito. Hasta Pronto!
 Fecha fin proceso  20200717   23:07
-------------------------------------------------------------------
 
-------------------------------------------------------------------
 Manejo de Inventario HND -  Flaca
-------------------------------------------------------------------
	Fecha inicio proceso:  20200717   23:07
 
-------------------------------------------------------------------
 Shell finalizada con exito. Hasta Pronto!
 Fecha fin proceso  20200717   23:07
-------------------------------------------------------------------
 
-------------------------------------------------------------------
 Manejo de Inventario HND -  Flaca
-------------------------------------------------------------------
	Fecha inicio proceso:  20200717   23:07
 
-------------------------------------------------------------------
 Shell finalizada con exito. Hasta Pronto!
 Fecha fin proceso  20200717   23:08
-------------------------------------------------------------------
 
-------------------------------------------------------------------
 Manejo de Inventario HND -  Flaca
-------------------------------------------------------------------
	Fecha inicio proceso:  20200717   23:08
 
-------------------------------------------------------------------
 Shell finalizada con exito. Hasta Pronto!
 Fecha fin proceso  20200717   23:09
-------------------------------------------------------------------
 
-------------------------------------------------------------------
 Manejo de Inventario HND -  Flaca
-------------------------------------------------------------------
	Fecha inicio proceso:  20200717   23:23
 
-------------------------------------------------------------------
 Shell finalizada con exito. Hasta Pronto!
 Fecha fin proceso  20200717   23:25
-------------------------------------------------------------------
 
-------------------------------------------------------------------
 Manejo de Inventario HND -  Flaca
-------------------------------------------------------------------
	Fecha inicio proceso:  20200717   23:25
 
-------------------------------------------------------------------
 Shell finalizada con exito. Hasta Pronto!
 Fecha fin proceso  20200717   23:27
-------------------------------------------------------------------
 
-------------------------------------------------------------------
 Manejo de Inventario HND -  Flaca
-------------------------------------------------------------------
	Fecha inicio proceso:  20200717   23:27
 
-------------------------------------------------------------------
 Shell finalizada con exito. Hasta Pronto!
 Fecha fin proceso  20200717   23:36
-------------------------------------------------------------------
 
-------------------------------------------------------------------
 Manejo de Inventario HND -  Flaca
-------------------------------------------------------------------
	Fecha inicio proceso:  20200717   23:36
 
-------------------------------------------------------------------
 Shell finalizada con exito. Hasta Pronto!
 Fecha fin proceso  20200717   23:43
-------------------------------------------------------------------
 
-------------------------------------------------------------------
 Manejo de Inventario HND -  Flaca
-------------------------------------------------------------------
	Fecha inicio proceso:  20200717   23:43
 
-------------------------------------------------------------------
 Manejo de Inventario HND -  Flaca
-------------------------------------------------------------------
	Fecha inicio proceso:  20200718   09:59
 
-------------------------------------------------------------------
 Shell finalizada con exito. Hasta Pronto!
 Fecha fin proceso  20200718   09:59
-------------------------------------------------------------------
 
-------------------------------------------------------------------
 Manejo de Inventario HND -  Flaca
-------------------------------------------------------------------
	Fecha inicio proceso:  20200718   10:02
 
-------------------------------------------------------------------
 Shell finalizada con exito. Hasta Pronto!
 Fecha fin proceso  20200718   10:02
-------------------------------------------------------------------
 
-------------------------------------------------------------------
 Manejo de Inventario HND -  Flaca
-------------------------------------------------------------------
	Fecha inicio proceso:  20200718   10:02
 
-------------------------------------------------------------------
 Shell finalizada con exito. Hasta Pronto!
 Fecha fin proceso  20200718   10:05
-------------------------------------------------------------------
 
-------------------------------------------------------------------
 Manejo de Inventario HND -  Flaca
-------------------------------------------------------------------
	Fecha inicio proceso:  20200718   10:05
 
-------------------------------------------------------------------
 Shell finalizada con exito. Hasta Pronto!
 Fecha fin proceso  20200718   10:06
-------------------------------------------------------------------
 
-------------------------------------------------------------------
 Manejo de Inventario HND -  Flaca
-------------------------------------------------------------------
	Fecha inicio proceso:  20200718   10:06
 
-------------------------------------------------------------------
 Shell finalizada con exito. Hasta Pronto!
 Fecha fin proceso  20200718   10:06
-------------------------------------------------------------------
 
-------------------------------------------------------------------
 Manejo de Inventario HND -  Flaca
-------------------------------------------------------------------
	Fecha inicio proceso:  20200718   10:06
 
-------------------------------------------------------------------
 Manejo de Inventario HND -  Flaca
-------------------------------------------------------------------
	Fecha inicio proceso:  20200718   10:15
 
-------------------------------------------------------------------
 Shell finalizada con exito. Hasta Pronto!
 Fecha fin proceso  20200718   10:16
-------------------------------------------------------------------
 
-------------------------------------------------------------------
 Manejo de Inventario HND -  Flaca
-------------------------------------------------------------------
	Fecha inicio proceso:  20200718   10:16
 
-------------------------------------------------------------------
 Shell finalizada con exito. Hasta Pronto!
 Fecha fin proceso  20200718   10:16
-------------------------------------------------------------------
 
-------------------------------------------------------------------
 Manejo de Inventario HND -  Flaca
-------------------------------------------------------------------
	Fecha inicio proceso:  20200718   10:16
==============================================
nombre ingreso: 
 
-------------------------------------------------------------------
 Shell finalizada con exito. Hasta Pronto!
 Fecha fin proceso  20200718   10:17
-------------------------------------------------------------------
 
-------------------------------------------------------------------
 Manejo de Inventario HND -  Flaca
-------------------------------------------------------------------
	Fecha inicio proceso:  20200718   10:17
==============================================
==============================================
nombre ingreso: 
 
-------------------------------------------------------------------
 Shell finalizada con exito. Hasta Pronto!
 Fecha fin proceso  20200718   10:21
-------------------------------------------------------------------
 
-------------------------------------------------------------------
 Manejo de Inventario HND -  Flaca
-------------------------------------------------------------------
	Fecha inicio proceso:  20200718   10:21
==============================================
==============================================
 
-------------------------------------------------------------------
 Shell finalizada con exito. Hasta Pronto!
 Fecha fin proceso  20200718   12:54
-------------------------------------------------------------------
 
-------------------------------------------------------------------
 Manejo de Inventario HND -  Flaca
-------------------------------------------------------------------
	Fecha inicio proceso:  20200718   12:54
==============================================
==============================================
 
-------------------------------------------------------------------
 Shell finalizada con exito. Hasta Pronto!
 Fecha fin proceso  20200718   12:54
-------------------------------------------------------------------
 
-------------------------------------------------------------------
 Manejo de Inventario HND -  Flaca
-------------------------------------------------------------------
	Fecha inicio proceso:  20200718   12:54
==============================================
==============================================
 
-------------------------------------------------------------------
 Shell finalizada con exito. Hasta Pronto!
 Fecha fin proceso  20200718   12:55
-------------------------------------------------------------------
 
-------------------------------------------------------------------
 Manejo de Inventario HND -  Flaca
-------------------------------------------------------------------
	Fecha inicio proceso:  20200718   12:55
==============================================
==============================================
 
-------------------------------------------------------------------
 Shell finalizada con exito. Hasta Pronto!
 Fecha fin proceso  20200718   12:56
-------------------------------------------------------------------
 
-------------------------------------------------------------------
 Manejo de Inventario HND -  Flaca
-------------------------------------------------------------------
	Fecha inicio proceso:  20200718   12:56
 
-------------------------------------------------------------------
 Shell finalizada con exito. Hasta Pronto!
 Fecha fin proceso  20200718   12:56
-------------------------------------------------------------------
 
-------------------------------------------------------------------
 Manejo de Inventario HND -  Flaca
-------------------------------------------------------------------
	Fecha inicio proceso:  20200718   12:57
 
-------------------------------------------------------------------
 Shell finalizada con exito. Hasta Pronto!
 Fecha fin proceso  20200718   12:58
-------------------------------------------------------------------
 
-------------------------------------------------------------------
 Manejo de Inventario HND -  Flaca
-------------------------------------------------------------------
	Fecha inicio proceso:  20200718   12:58
 
-------------------------------------------------------------------
 Shell finalizada con exito. Hasta Pronto!
 Fecha fin proceso  20200718   12:59
-------------------------------------------------------------------
 
-------------------------------------------------------------------
 Manejo de Inventario HND -  Flaca
-------------------------------------------------------------------
	Fecha inicio proceso:  20200718   12:59
 
-------------------------------------------------------------------
 Shell finalizada con exito. Hasta Pronto!
 Fecha fin proceso  20200718   12:59
-------------------------------------------------------------------
 
-------------------------------------------------------------------
 Manejo de Inventario HND -  Flaca
-------------------------------------------------------------------
	Fecha inicio proceso:  20200718   12:59
 
-------------------------------------------------------------------
 Shell finalizada con exito. Hasta Pronto!
 Fecha fin proceso  20200718   13:05
-------------------------------------------------------------------
 
-------------------------------------------------------------------
 Manejo de Inventario HND -  Flaca
-------------------------------------------------------------------
	Fecha inicio proceso:  20200718   13:05
 
-------------------------------------------------------------------
 Shell finalizada con exito. Hasta Pronto!
 Fecha fin proceso  20200718   13:15
-------------------------------------------------------------------
 
-------------------------------------------------------------------
 Manejo de Inventario HND -  Flaca
-------------------------------------------------------------------
	Fecha inicio proceso:  20200718   13:16
 
-------------------------------------------------------------------
 Shell finalizada con exito. Hasta Pronto!
 Fecha fin proceso  20200718   13:16
-------------------------------------------------------------------
 
-------------------------------------------------------------------
 Manejo de Inventario HND -  Flaca
-------------------------------------------------------------------
	Fecha inicio proceso:  20200718   13:16
 
-------------------------------------------------------------------
 Shell finalizada con exito. Hasta Pronto!
 Fecha fin proceso  20200718   13:17
-------------------------------------------------------------------
 
-------------------------------------------------------------------
 Manejo de Inventario HND -  Flaca
-------------------------------------------------------------------
	Fecha inicio proceso:  20200718   13:17
 
-------------------------------------------------------------------
 Shell finalizada con exito. Hasta Pronto!
 Fecha fin proceso  20200718   13:22
-------------------------------------------------------------------
 
-------------------------------------------------------------------
 Manejo de Inventario HND -  Flaca
-------------------------------------------------------------------
	Fecha inicio proceso:  20200718   13:22
 
-------------------------------------------------------------------
 Shell finalizada con exito. Hasta Pronto!
 Fecha fin proceso  20200718   13:22
-------------------------------------------------------------------
 
-------------------------------------------------------------------
 Manejo de Inventario HND -  Flaca
-------------------------------------------------------------------
	Fecha inicio proceso:  20200718   13:23
 
-------------------------------------------------------------------
 Shell finalizada con exito. Hasta Pronto!
 Fecha fin proceso  20200718   13:24
-------------------------------------------------------------------
 
-------------------------------------------------------------------
 Manejo de Inventario HND -  Flaca
-------------------------------------------------------------------
	Fecha inicio proceso:  20200718   13:24
 
-------------------------------------------------------------------
 Shell finalizada con exito. Hasta Pronto!
 Fecha fin proceso  20200718   13:29
-------------------------------------------------------------------
 
-------------------------------------------------------------------
 Manejo de Inventario HND -  Flaca
-------------------------------------------------------------------
	Fecha inicio proceso:  20200718   13:29
 
-------------------------------------------------------------------
 Shell finalizada con exito. Hasta Pronto!
 Fecha fin proceso  20200718   13:38
-------------------------------------------------------------------
 
-------------------------------------------------------------------
 Manejo de Inventario HND -  Flaca
-------------------------------------------------------------------
	Fecha inicio proceso:  20200718   13:38
 
-------------------------------------------------------------------
 Shell finalizada con exito. Hasta Pronto!
 Fecha fin proceso  20200718   13:41
-------------------------------------------------------------------
 
-------------------------------------------------------------------
 Manejo de Inventario HND -  Flaca
-------------------------------------------------------------------
	Fecha inicio proceso:  20200718   13:41
 
-------------------------------------------------------------------
 Shell finalizada con exito. Hasta Pronto!
 Fecha fin proceso  20200718   13:41
-------------------------------------------------------------------
 
-------------------------------------------------------------------
 Manejo de Inventario HND -  Flaca
-------------------------------------------------------------------
	Fecha inicio proceso:  20200718   13:41
 
-------------------------------------------------------------------
 Shell finalizada con exito. Hasta Pronto!
 Fecha fin proceso  20200718   13:43
-------------------------------------------------------------------
 
-------------------------------------------------------------------
 Manejo de Inventario HND -  Flaca
-------------------------------------------------------------------
	Fecha inicio proceso:  20200718   13:43
 
-------------------------------------------------------------------
 Shell finalizada con exito. Hasta Pronto!
 Fecha fin proceso  20200718   13:43
-------------------------------------------------------------------
 
-------------------------------------------------------------------
 Manejo de Inventario HND -  Flaca
-------------------------------------------------------------------
	Fecha inicio proceso:  20200718   13:43
 
-------------------------------------------------------------------
 Shell finalizada con exito. Hasta Pronto!
 Fecha fin proceso  20200718   13:46
-------------------------------------------------------------------
 
-------------------------------------------------------------------
 Manejo de Inventario HND -  Flaca
-------------------------------------------------------------------
	Fecha inicio proceso:  20200718   13:46
 
-------------------------------------------------------------------
 Shell finalizada con exito. Hasta Pronto!
 Fecha fin proceso  20200718   13:46
-------------------------------------------------------------------
 
-------------------------------------------------------------------
 Manejo de Inventario HND -  Flaca
-------------------------------------------------------------------
	Fecha inicio proceso:  20200718   13:46
 
-------------------------------------------------------------------
 Shell finalizada con exito. Hasta Pronto!
 Fecha fin proceso  20200718   13:49
-------------------------------------------------------------------
 
-------------------------------------------------------------------
 Manejo de Inventario HND -  Flaca
-------------------------------------------------------------------
	Fecha inicio proceso:  20200718   13:53
 
-------------------------------------------------------------------
 Shell finalizada con exito. Hasta Pronto!
 Fecha fin proceso  20200718   14:14
-------------------------------------------------------------------
 
-------------------------------------------------------------------
 Manejo de Inventario HND -  Flaca
-------------------------------------------------------------------
	Fecha inicio proceso:  20200718   14:14
 
-------------------------------------------------------------------
 Shell finalizada con exito. Hasta Pronto!
 Fecha fin proceso  20200718   14:14
-------------------------------------------------------------------
 
-------------------------------------------------------------------
 Manejo de Inventario HND -  Flaca
-------------------------------------------------------------------
	Fecha inicio proceso:  20200718   14:14
 
-------------------------------------------------------------------
 Shell finalizada con exito. Hasta Pronto!
 Fecha fin proceso  20200718   14:19
-------------------------------------------------------------------
 
-------------------------------------------------------------------
 Manejo de Inventario HND -  Flaca
-------------------------------------------------------------------
	Fecha inicio proceso:  20200718   14:19
 
-------------------------------------------------------------------
 Shell finalizada con exito. Hasta Pronto!
 Fecha fin proceso  20200718   14:21
-------------------------------------------------------------------
 
-------------------------------------------------------------------
 Manejo de Inventario HND -  Flaca
-------------------------------------------------------------------
	Fecha inicio proceso:  20200718   14:25
 
-------------------------------------------------------------------
 Shell finalizada con exito. Hasta Pronto!
 Fecha fin proceso  20200718   14:26
-------------------------------------------------------------------
 
-------------------------------------------------------------------
 Manejo de Inventario HND -  Flaca
-------------------------------------------------------------------
	Fecha inicio proceso:  20200718   14:26
 
-------------------------------------------------------------------
 Shell finalizada con exito. Hasta Pronto!
 Fecha fin proceso  20200718   14:26
-------------------------------------------------------------------
 
-------------------------------------------------------------------
 Manejo de Inventario HND -  Flaca
-------------------------------------------------------------------
	Fecha inicio proceso:  20200718   14:26
 
-------------------------------------------------------------------
 Shell finalizada con exito. Hasta Pronto!
 Fecha fin proceso  20200718   14:26
-------------------------------------------------------------------
 
-------------------------------------------------------------------
 Manejo de Inventario HND -  Flaca
-------------------------------------------------------------------
	Fecha inicio proceso:  20200718   14:27
 
-------------------------------------------------------------------
 Shell finalizada con exito. Hasta Pronto!
 Fecha fin proceso  20200718   14:41
-------------------------------------------------------------------
 
-------------------------------------------------------------------
 Manejo de Inventario HND -  Flaca
-------------------------------------------------------------------
	Fecha inicio proceso:  20200718   14:41
 
-------------------------------------------------------------------
 Shell finalizada con exito. Hasta Pronto!
 Fecha fin proceso  20200718   14:42
-------------------------------------------------------------------
 
-------------------------------------------------------------------
 Manejo de Inventario HND -  Flaca
-------------------------------------------------------------------
	Fecha inicio proceso:  20200718   14:42
 
-------------------------------------------------------------------
 Shell finalizada con exito. Hasta Pronto!
 Fecha fin proceso  20200718   14:43
-------------------------------------------------------------------
 
-------------------------------------------------------------------
 Manejo de Inventario HND -  Flaca
-------------------------------------------------------------------
	Fecha inicio proceso:  20200718   14:43
 
-------------------------------------------------------------------
 Shell finalizada con exito. Hasta Pronto!
 Fecha fin proceso  20200718   14:45
-------------------------------------------------------------------
 
-------------------------------------------------------------------
 Manejo de Inventario HND -  Flaca
-------------------------------------------------------------------
	Fecha inicio proceso:  20200718   14:45
 
-------------------------------------------------------------------
 Manejo de Inventario HND -  Flaca
-------------------------------------------------------------------
	Fecha inicio proceso:  20200718   14:46
 
-------------------------------------------------------------------
 Manejo de Inventario HND -  Flaca
-------------------------------------------------------------------
	Fecha inicio proceso:  20200718   14:46
 
-------------------------------------------------------------------
 Manejo de Inventario HND -  Flaca
-------------------------------------------------------------------
	Fecha inicio proceso:  20200718   14:51
 
-------------------------------------------------------------------
 Manejo de Inventario HND -  Flaca
-------------------------------------------------------------------
	Fecha inicio proceso:  20200718   14:51
 
-------------------------------------------------------------------
 Manejo de Inventario HND -  Flaca
-------------------------------------------------------------------
	Fecha inicio proceso:  20200718   14:52
 
-------------------------------------------------------------------
 Manejo de Inventario HND -  Flaca
-------------------------------------------------------------------
	Fecha inicio proceso:  20200718   14:55
 
-------------------------------------------------------------------
 Manejo de Inventario HND -  Flaca
-------------------------------------------------------------------
	Fecha inicio proceso:  20200718   14:56
 
-------------------------------------------------------------------
 Manejo de Inventario HND -  Flaca
-------------------------------------------------------------------
	Fecha inicio proceso:  20200718   14:58
 
-------------------------------------------------------------------
 Manejo de Inventario HND -  Flaca
-------------------------------------------------------------------
	Fecha inicio proceso:  20200718   14:59
 
-------------------------------------------------------------------
 Manejo de Inventario HND -  Flaca
-------------------------------------------------------------------
	Fecha inicio proceso:  20200718   15:00
 
-------------------------------------------------------------------
 Manejo de Inventario HND -  Flaca
-------------------------------------------------------------------
	Fecha inicio proceso:  20200718   15:00
 
-------------------------------------------------------------------
 Manejo de Inventario HND -  Flaca
-------------------------------------------------------------------
	Fecha inicio proceso:  20200718   15:01
 
-------------------------------------------------------------------
 Manejo de Inventario HND -  Flaca
-------------------------------------------------------------------
	Fecha inicio proceso:  20200718   15:02
 
-------------------------------------------------------------------
 Manejo de Inventario HND -  Flaca
-------------------------------------------------------------------
	Fecha inicio proceso:  20200718   15:02
 
-------------------------------------------------------------------
 Manejo de Inventario HND -  Flaca
-------------------------------------------------------------------
	Fecha inicio proceso:  20200718   15:06
 
-------------------------------------------------------------------
 Manejo de Inventario HND -  Flaca
-------------------------------------------------------------------
	Fecha inicio proceso:  20200718   15:09
 
-------------------------------------------------------------------
 Manejo de Inventario HND -  Flaca
-------------------------------------------------------------------
	Fecha inicio proceso:  20200718   15:10
 
-------------------------------------------------------------------
 Manejo de Inventario HND -  Flaca
-------------------------------------------------------------------
	Fecha inicio proceso:  20200718   15:14
 
-------------------------------------------------------------------
 Manejo de Inventario HND -  Flaca
-------------------------------------------------------------------
	Fecha inicio proceso:  20200718   15:18
 
-------------------------------------------------------------------
 Manejo de Inventario HND -  Flaca
-------------------------------------------------------------------
	Fecha inicio proceso:  20200718   15:28
 
-------------------------------------------------------------------
 Manejo de Inventario HND -  Flaca
-------------------------------------------------------------------
	Fecha inicio proceso:  20200718   15:30
 
-------------------------------------------------------------------
 Manejo de Inventario HND -  Flaca
-------------------------------------------------------------------
	Fecha inicio proceso:  20200718   15:31
 
-------------------------------------------------------------------
 Manejo de Inventario HND -  Flaca
-------------------------------------------------------------------
	Fecha inicio proceso:  20200718   15:32
 
-------------------------------------------------------------------
 Manejo de Inventario HND -  Flaca
-------------------------------------------------------------------
	Fecha inicio proceso:  20200718   15:33
 
-------------------------------------------------------------------
 Manejo de Inventario HND -  Flaca
-------------------------------------------------------------------
	Fecha inicio proceso:  20200718   15:33
 
-------------------------------------------------------------------
 Manejo de Inventario HND -  Flaca
-------------------------------------------------------------------
	Fecha inicio proceso:  20200718   15:40
 
-------------------------------------------------------------------
 Manejo de Inventario HND -  Flaca
-------------------------------------------------------------------
	Fecha inicio proceso:  20200718   16:46
 
-------------------------------------------------------------------
 Manejo de Inventario HND -  Flaca
-------------------------------------------------------------------
	Fecha inicio proceso:  20200718   16:49
 
-------------------------------------------------------------------
 Manejo de Inventario HND -  Flaca
-------------------------------------------------------------------
	Fecha inicio proceso:  20200718   16:59
 
-------------------------------------------------------------------
 Manejo de Inventario HND -  Flaca
-------------------------------------------------------------------
	Fecha inicio proceso:  20200718   17:01
 
-------------------------------------------------------------------
 Manejo de Inventario HND -  Flaca
-------------------------------------------------------------------
	Fecha inicio proceso:  20200718   17:03
